Arguments: 
  /Users/coco/.nvm/versions/node/v12.18.2/bin/node /usr/local/Cellar/yarn/1.22.10/libexec/bin/yarn.js add prism-themes -S

PATH: 
  /Users/coco/Downloads/flutter/bin:/Users/coco/.nvm/versions/node/v12.18.2/bin:/usr/local/Cellar/mongodb/4.0.3_1/bin/:/usr/local/bin:/usr/bin:/bin:/usr/sbin:/sbin:/Library/Apple/usr/bin:/Library/Frameworks/Mono.framework/Versions/Current/Commands:/Users/coco/Downloads/flutter/bin:/Users/coco/.nvm/versions/node/v12.18.2/bin:/usr/local/Cellar/mongodb/4.0.3_1/bin/

Yarn version: 
  1.22.10

Node version: 
  12.18.2

Platform: 
  darwin x64

Trace: 
  SyntaxError: /Users/coco/project/blog/package.json: Unexpected end of JSON input
      at JSON.parse (<anonymous>)
      at /usr/local/Cellar/yarn/1.22.10/libexec/lib/cli.js:1625:59
      at Generator.next (<anonymous>)
      at step (/usr/local/Cellar/yarn/1.22.10/libexec/lib/cli.js:310:30)
      at /usr/local/Cellar/yarn/1.22.10/libexec/lib/cli.js:321:13

npm manifest: 
  

yarn manifest: 
  No manifest

Lockfile: 
  No lockfile
